  [1m[36m (27.8ms)[0m  [1mCREATE TABLE "schema_migrations" ("version" character varying NOT NULL) [0m
  [1m[35m (2.2ms)[0m  CREATE UNIQUE INDEX  "unique_schema_migrations" ON "schema_migrations"  ("version")
  [1m[36mActiveRecord::SchemaMigration Load (0.7ms)[0m  [1mSELECT "schema_migrations".* FROM "schema_migrations"[0m
Migrating to DeviseCreateUsers (20150714174102)
  [1m[35m (1.2ms)[0m  BEGIN
DEPRECATION WARNING: `#timestamp` was called without specifying an option for `null`. In Rails 5, this behavior will change to `null: false`. You should manually specify `null: true` to prevent the behavior of your existing migrations from changing. (called from emit_warning_if_null_unspecified at /Users/Christine/.rvm/gems/ruby-2.2.0/gems/activerecord-4.2.1/lib/active_record/connection_adapters/abstract/schema_definitions.rb:63)
  [1m[36m (16.6ms)[0m  [1mCREATE TABLE "users" ("id" serial primary key, "email" character varying DEFAULT '' NOT NULL, "encrypted_password" character varying DEFAULT '' NOT NULL, "reset_password_token" character varying, "reset_password_sent_at" timestamp, "remember_created_at" timestamp, "sign_in_count" integer DEFAULT 0 NOT NULL, "current_sign_in_at" timestamp, "last_sign_in_at" timestamp, "current_sign_in_ip" inet, "last_sign_in_ip" inet, "confirmation_token" character varying, "confirmed_at" timestamp, "confirmation_sent_at" timestamp, "unconfirmed_email" character varying, "created_at" timestamp, "updated_at" timestamp) [0m
  [1m[35m (1.1ms)[0m  CREATE UNIQUE INDEX  "index_users_on_email" ON "users"  ("email")
  [1m[36m (1.0ms)[0m  [1mCREATE UNIQUE INDEX  "index_users_on_reset_password_token" ON "users"  ("reset_password_token")[0m
  [1m[35mSQL (0.8ms)[0m  INSERT INTO "schema_migrations" ("version") VALUES ($1)  [["version", "20150714174102"]]
  [1m[36m (0.5ms)[0m  [1mCOMMIT[0m
  [1m[35mActiveRecord::SchemaMigration Load (0.3ms)[0m  SELECT "schema_migrations".* FROM "schema_migrations"
  [1m[36m (4.2ms)[0m  [1mSELECT t2.oid::regclass::text AS to_table, a1.attname AS column, a2.attname AS primary_key, c.conname AS name, c.confupdtype AS on_update, c.confdeltype AS on_delete
FROM pg_constraint c
JOIN pg_class t1 ON c.conrelid = t1.oid
JOIN pg_class t2 ON c.confrelid = t2.oid
JOIN pg_attribute a1 ON a1.attnum = c.conkey[1] AND a1.attrelid = t1.oid
JOIN pg_attribute a2 ON a2.attnum = c.confkey[1] AND a2.attrelid = t2.oid
JOIN pg_namespace t3 ON c.connamespace = t3.oid
WHERE c.contype = 'f'
  AND t1.relname = 'users'
  AND t3.nspname = ANY (current_schemas(false))
ORDER BY c.conname
[0m


Started GET "/" for ::1 at 2015-07-14 17:39:32 -0700
  [1m[36mActiveRecord::SchemaMigration Load (1.9ms)[0m  [1mSELECT "schema_migrations".* FROM "schema_migrations"[0m
Processing by HomeController#index as HTML
  Rendered home/index.html.erb within layouts/application (1.5ms)
  Rendered partials/_header.html.erb (1598.9ms)
  Rendered layouts/_messages.html.erb (0.6ms)
Completed 200 OK in 1636ms (Views: 1616.5ms | ActiveRecord: 0.0ms)


Started GET "/" for ::1 at 2015-07-14 17:39:33 -0700
Processing by HomeController#index as HTML
  Rendered home/index.html.erb within layouts/application (0.1ms)
  Rendered partials/_header.html.erb (22.2ms)
  Rendered layouts/_messages.html.erb (0.1ms)
Completed 200 OK in 29ms (Views: 28.1ms | ActiveRecord: 0.0ms)


Started GET "/assets/home.self-e3b0c44298fc1c149afbf4c8996fb92427ae41e4649b934ca495991b7852b855.css?body=1" for ::1 at 2015-07-14 17:39:33 -0700


Started GET "/assets/application.self-e80e8f2318043e8af94dddc2adad5a4f09739a8ebb323b3ab31cd71d45fd9113.css?body=1" for ::1 at 2015-07-14 17:39:33 -0700


Started GET "/assets/application.self-3b8dabdc891efe46b9a144b400ad69e37d7e5876bdc39dee783419a69d7ca819.js?body=1" for ::1 at 2015-07-14 17:39:33 -0700


Started GET "/assets/jquery.self-d03a5518f45df77341bdbe6201ba3bfa547ebba8ed64f0ea56bfa5f96ea7c074.js?body=1" for ::1 at 2015-07-14 17:39:34 -0700


Started GET "/assets/jquery_ujs.self-ca5248a2fad13d6bd58ea121318d642f195f0b2dd818b30615f785ff365e8d1f.js?body=1" for ::1 at 2015-07-14 17:39:34 -0700


Started GET "/assets/turbolinks.self-c37727e9bd6b2735da5c311aa83fead54ed0be6cc8bd9a65309e9c5abe2cbfff.js?body=1" for ::1 at 2015-07-14 17:39:34 -0700


Started GET "/assets/home.self-877aef30ae1b040ab8a3aba4e3e309a11d7f2612f44dde450b5c157aa5f95c05.js?body=1" for ::1 at 2015-07-14 17:39:34 -0700


Started GET "/" for ::1 at 2015-07-14 17:42:26 -0700
Processing by HomeController#index as HTML
  Rendered home/index.html.erb within layouts/application (0.1ms)
  Rendered partials/_header.html.erb (46.2ms)
  Rendered layouts/_messages.html.erb (0.1ms)
Completed 200 OK in 57ms (Views: 55.6ms | ActiveRecord: 0.0ms)


Started GET "/users/sign_in" for ::1 at 2015-07-14 17:42:32 -0700
Processing by Users::SessionsController#new as HTML
  Rendered devise/shared/_links.html.erb (1.9ms)
  Rendered devise/sessions/new.html.erb within layouts/application (46.8ms)
  Rendered partials/_header.html.erb (36.4ms)
  Rendered layouts/_messages.html.erb (0.1ms)
Completed 200 OK in 122ms (Views: 96.0ms | ActiveRecord: 10.7ms)


Started GET "/users/sign_up" for ::1 at 2015-07-14 17:42:35 -0700
Processing by Users::RegistrationsController#new as HTML
  Rendered devise/shared/_links.html.erb (1.8ms)
  Rendered devise/registrations/new.html.erb within layouts/application (8.1ms)
  Rendered partials/_header.html.erb (32.6ms)
  Rendered layouts/_messages.html.erb (0.1ms)
Completed 200 OK in 57ms (Views: 55.1ms | ActiveRecord: 0.0ms)


Started GET "/users/sign_in" for ::1 at 2015-07-14 17:42:37 -0700
Processing by Users::SessionsController#new as HTML
  Rendered devise/shared/_links.html.erb (0.9ms)
  Rendered devise/sessions/new.html.erb within layouts/application (4.5ms)
  Rendered partials/_header.html.erb (28.5ms)
  Rendered layouts/_messages.html.erb (0.1ms)
Completed 200 OK in 46ms (Views: 44.5ms | ActiveRecord: 0.0ms)


Started GET "/" for ::1 at 2015-07-14 17:42:38 -0700
Processing by HomeController#index as HTML
  Rendered home/index.html.erb within layouts/application (0.4ms)
  Rendered partials/_header.html.erb (23.5ms)
  Rendered layouts/_messages.html.erb (0.4ms)
Completed 200 OK in 31ms (Views: 30.4ms | ActiveRecord: 0.0ms)
